# JRE version: OpenJDK Runtime Environment Temurin-21.0.8+9 (21.0.8+9) (build 21.0.8+9-LTS)
# Java VM: OpenJDK 64-Bit Server VM Temurin-21.0.8+9 (21.0.8+9-LTS, mixed mode, sharing, tiered, compressed oops, compressed class ptrs, parallel gc, windows-amd64)
GC Precious Log:
 CardTable entry size: 512
 CPUs: 4 total, 4 available
 Memory: 16267M
 Large Page Support: Disabled
 NUMA Support: Disabled
 Compressed Oops: Enabled (32-bit)
 Alignments: Space 512K, Generation 512K, Heap 2M
 Heap Min Capacity: 100M
 Heap Initial Capacity: 100M
 Heap Max Capacity: 2G
 Pre-touch: Disabled
 Parallel Workers: 4
Heap:
 PSYoungGen      total 11264K, used 5069K [0x00000000d5580000, 0x00000000d6680000, 0x0000000100000000)
  eden space 10752K, 42% used [0x00000000d5580000,0x00000000d5a024d8,0x00000000d6000000)
  from space 512K, 88% used [0x00000000d6600000,0x00000000d6671210,0x00000000d6680000)
  to   space 512K, 0% used [0x00000000d6580000,0x00000000d6580000,0x00000000d6600000)
 ParOldGen       total 834560K, used 834456K [0x0000000080000000, 0x00000000b2f00000, 0x00000000d5580000)
  object space 834560K, 99% used [0x0000000080000000,0x00000000b2ee60e0,0x00000000b2f00000)
 Metaspace       used 83345K, committed 84992K, reserved 1179648K
  class space    used 8733K, committed 9472K, reserved 1048576K
GC Heap History (20 events):
Event: 101.057 GC heap before
{Heap before GC invocations=1202 (full 3):
 PSYoungGen      total 8704K, used 8320K [0x00000000d5580000, 0x00000000d6400000, 0x0000000100000000)
  eden space 5120K, 100% used [0x00000000d5580000,0x00000000d5a80000,0x00000000d5a80000)
  from space 3584K, 89% used [0x00000000d6080000,0x00000000d63a0000,0x00000000d6400000)
  to   space 4096K, 0% used [0x00000000d5c00000,0x00000000d5c00000,0x00000000d6000000)
 ParOldGen       total 812544K, used 812539K [0x0000000080000000, 0x00000000b1980000, 0x00000000d5580000)
  object space 812544K, 99% used [0x0000000080000000,0x00000000b197ef00,0x00000000b1980000)
 Metaspace       used 79132K, committed 80768K, reserved 1179648K
  class space    used 8191K, committed 8896K, reserved 1048576K
}
Event: 101.064 GC heap after
{Heap after GC invocations=1202 (full 3):
 PSYoungGen      total 9728K, used 3312K [0x00000000d5580000, 0x00000000d6280000, 0x0000000100000000)
  eden space 6144K, 0% used [0x00000000d5580000,0x00000000d5580000,0x00000000d5b80000)
  from space 3584K, 92% used [0x00000000d5c00000,0x00000000d5f3c030,0x00000000d5f80000)
  to   space 3072K, 0% used [0x00000000d5f80000,0x00000000d5f80000,0x00000000d6280000)
 ParOldGen       total 816128K, used 815683K [0x0000000080000000, 0x00000000b1d00000, 0x00000000d5580000)
  object space 816128K, 99% used [0x0000000080000000,0x00000000b1c90f00,0x00000000b1d00000)
 Metaspace       used 79132K, committed 80768K, reserved 1179648K
  class space    used 8191K, committed 8896K, reserved 1048576K
}
Event: 101.137 GC heap before
{Heap before GC invocations=1203 (full 3):
 PSYoungGen      total 9728K, used 9456K [0x00000000d5580000, 0x00000000d6280000, 0x0000000100000000)
  eden space 6144K, 100% used [0x00000000d5580000,0x00000000d5b80000,0x00000000d5b80000)
  from space 3584K, 92% used [0x00000000d5c00000,0x00000000d5f3c030,0x00000000d5f80000)
  to   space 3072K, 0% used [0x00000000d5f80000,0x00000000d5f80000,0x00000000d6280000)
 ParOldGen       total 816128K, used 815683K [0x0000000080000000, 0x00000000b1d00000, 0x00000000d5580000)
  object space 816128K, 99% used [0x0000000080000000,0x00000000b1c90f00,0x00000000b1d00000)
 Metaspace       used 79289K, committed 80896K, reserved 1179648K
  class space    used 8206K, committed 8896K, reserved 1048576K
}
Event: 101.143 GC heap after
{Heap after GC invocations=1203 (full 3):
 PSYoungGen      total 9216K, used 800K [0x00000000d5580000, 0x00000000d6100000, 0x0000000100000000)
  eden space 7680K, 0% used [0x00000000d5580000,0x00000000d5580000,0x00000000d5d00000)
  from space 1536K, 52% used [0x00000000d5f80000,0x00000000d6048000,0x00000000d6100000)
  to   space 2048K, 0% used [0x00000000d5d00000,0x00000000d5d00000,0x00000000d5f00000)
 ParOldGen       total 819200K, used 818883K [0x0000000080000000, 0x00000000b2000000, 0x00000000d5580000)
  object space 819200K, 99% used [0x0000000080000000,0x00000000b1fb0f20,0x00000000b2000000)
 Metaspace       used 79289K, committed 80896K, reserved 1179648K
  class space    used 8206K, committed 8896K, reserved 1048576K
}
Event: 101.157 GC heap before
{Heap before GC invocations=1204 (full 3):
 PSYoungGen      total 9216K, used 8480K [0x00000000d5580000, 0x00000000d6100000, 0x0000000100000000)
  eden space 7680K, 100% used [0x00000000d5580000,0x00000000d5d00000,0x00000000d5d00000)
  from space 1536K, 52% used [0x00000000d5f80000,0x00000000d6048000,0x00000000d6100000)
  to   space 2048K, 0% used [0x00000000d5d00000,0x00000000d5d00000,0x00000000d5f00000)
 ParOldGen       total 819200K, used 818883K [0x0000000080000000, 0x00000000b2000000, 0x00000000d5580000)
  object space 819200K, 99% used [0x0000000080000000,0x00000000b1fb0f20,0x00000000b2000000)
 Metaspace       used 79327K, committed 80960K, reserved 1179648K
  class space    used 8209K, committed 8896K, reserved 1048576K
}
Event: 101.162 GC heap after
{Heap after GC invocations=1204 (full 3):
 PSYoungGen      total 9728K, used 2023K [0x00000000d5580000, 0x00000000d6c80000, 0x0000000100000000)
  eden space 7680K, 0% used [0x00000000d5580000,0x00000000d5580000,0x00000000d5d00000)
  from space 2048K, 98% used [0x00000000d5d00000,0x00000000d5ef9ec0,0x00000000d5f00000)
  to   space 7168K, 0% used [0x00000000d6580000,0x00000000d6580000,0x00000000d6c80000)
 ParOldGen       total 822784K, used 822763K [0x0000000080000000, 0x00000000b2380000, 0x00000000d5580000)
  object space 822784K, 99% used [0x0000000080000000,0x00000000b237af20,0x00000000b2380000)
 Metaspace       used 79327K, committed 80960K, reserved 1179648K
  class space    used 8209K, committed 8896K, reserved 1048576K
}
Event: 101.174 GC heap before
{Heap before GC invocations=1205 (full 3):
 PSYoungGen      total 9728K, used 9703K [0x00000000d5580000, 0x00000000d6c80000, 0x0000000100000000)
  eden space 7680K, 100% used [0x00000000d5580000,0x00000000d5d00000,0x00000000d5d00000)
  from space 2048K, 98% used [0x00000000d5d00000,0x00000000d5ef9ec0,0x00000000d5f00000)
  to   space 7168K, 0% used [0x00000000d6580000,0x00000000d6580000,0x00000000d6c80000)
 ParOldGen       total 822784K, used 822763K [0x0000000080000000, 0x00000000b2380000, 0x00000000d5580000)
  object space 822784K, 99% used [0x0000000080000000,0x00000000b237af20,0x00000000b2380000)
 Metaspace       used 79338K, committed 80960K, reserved 1179648K
  class space    used 8209K, committed 8896K, reserved 1048576K
}
Event: 101.181 GC heap after
{Heap after GC invocations=1205 (full 3):
 PSYoungGen      total 13824K, used 4416K [0x00000000d5580000, 0x00000000d6a00000, 0x0000000100000000)
  eden space 9216K, 0% used [0x00000000d5580000,0x00000000d5580000,0x00000000d5e80000)
  from space 4608K, 95% used [0x00000000d6580000,0x00000000d69d0000,0x00000000d6a00000)
  to   space 5120K, 0% used [0x00000000d6000000,0x00000000d6000000,0x00000000d6500000)
 ParOldGen       total 824832K, used 824813K [0x0000000080000000, 0x00000000b2580000, 0x00000000d5580000)
  object space 824832K, 99% used [0x0000000080000000,0x00000000b257b410,0x00000000b2580000)
 Metaspace       used 79338K, committed 80960K, reserved 1179648K
  class space    used 8209K, committed 8896K, reserved 1048576K
}
Event: 101.224 GC heap before
{Heap before GC invocations=1206 (full 3):
 PSYoungGen      total 13824K, used 13590K [0x00000000d5580000, 0x00000000d6a00000, 0x0000000100000000)
  eden space 9216K, 99% used [0x00000000d5580000,0x00000000d5e75b38,0x00000000d5e80000)
  from space 4608K, 95% used [0x00000000d6580000,0x00000000d69d0000,0x00000000d6a00000)
  to   space 5120K, 0% used [0x00000000d6000000,0x00000000d6000000,0x00000000d6500000)
 ParOldGen       total 824832K, used 824813K [0x0000000080000000, 0x00000000b2580000, 0x00000000d5580000)
  object space 824832K, 99% used [0x0000000080000000,0x00000000b257b410,0x00000000b2580000)
 Metaspace       used 79575K, committed 81216K, reserved 1179648K
  class space    used 8248K, committed 8960K, reserved 1048576K
}
Event: 101.233 GC heap after
{Heap after GC invocations=1206 (full 3):
 PSYoungGen      total 15872K, used 5024K [0x00000000d5580000, 0x00000000d6b80000, 0x0000000100000000)
  eden space 10752K, 0% used [0x00000000d5580000,0x00000000d5580000,0x00000000d6000000)
  from space 5120K, 98% used [0x00000000d6000000,0x00000000d64e8000,0x00000000d6500000)
  to   space 5632K, 0% used [0x00000000d6600000,0x00000000d6600000,0x00000000d6b80000)
 ParOldGen       total 828928K, used 828813K [0x0000000080000000, 0x00000000b2980000, 0x00000000d5580000)
  object space 828928K, 99% used [0x0000000080000000,0x00000000b2963410,0x00000000b2980000)
 Metaspace       used 79575K, committed 81216K, reserved 1179648K
  class space    used 8248K, committed 8960K, reserved 1048576K
}
Event: 102.192 GC heap before
{Heap before GC invocations=1207 (full 3):
 PSYoungGen      total 15872K, used 15776K [0x00000000d5580000, 0x00000000d6b80000, 0x0000000100000000)
  eden space 10752K, 100% used [0x00000000d5580000,0x00000000d6000000,0x00000000d6000000)
  from space 5120K, 98% used [0x00000000d6000000,0x00000000d64e8000,0x00000000d6500000)
  to   space 5632K, 0% used [0x00000000d6600000,0x00000000d6600000,0x00000000d6b80000)
 ParOldGen       total 828928K, used 828813K [0x0000000080000000, 0x00000000b2980000, 0x00000000d5580000)
  object space 828928K, 99% used [0x0000000080000000,0x00000000b2963410,0x00000000b2980000)
 Metaspace       used 80215K, committed 81856K, reserved 1179648K
  class space    used 8314K, committed 9024K, reserved 1048576K
}
Event: 102.198 GC heap after
{Heap after GC invocations=1207 (full 3):
 PSYoungGen      total 11264K, used 352K [0x00000000d5580000, 0x00000000d6680000, 0x0000000100000000)
  eden space 10752K, 0% used [0x00000000d5580000,0x00000000d5580000,0x00000000d6000000)
  from space 512K, 68% used [0x00000000d6600000,0x00000000d6658000,0x00000000d6680000)
  to   space 2560K, 0% used [0x00000000d6180000,0x00000000d6180000,0x00000000d6400000)
 ParOldGen       total 834048K, used 833725K [0x0000000080000000, 0x00000000b2e80000, 0x00000000d5580000)
  object space 834048K, 99% used [0x0000000080000000,0x00000000b2e2f410,0x00000000b2e80000)
 Metaspace       used 80215K, committed 81856K, reserved 1179648K
  class space    used 8314K, committed 9024K, reserved 1048576K
}
Event: 102.460 GC heap before
{Heap before GC invocations=1208 (full 3):
 PSYoungGen      total 11264K, used 11104K [0x00000000d5580000, 0x00000000d6680000, 0x0000000100000000)
  eden space 10752K, 100% used [0x00000000d5580000,0x00000000d6000000,0x00000000d6000000)
  from space 512K, 68% used [0x00000000d6600000,0x00000000d6658000,0x00000000d6680000)
  to   space 2560K, 0% used [0x00000000d6180000,0x00000000d6180000,0x00000000d6400000)
 ParOldGen       total 834048K, used 833725K [0x0000000080000000, 0x00000000b2e80000, 0x00000000d5580000)
  object space 834048K, 99% used [0x0000000080000000,0x00000000b2e2f410,0x00000000b2e80000)
 Metaspace       used 80232K, committed 81856K, reserved 1179648K
  class space    used 8318K, committed 9024K, reserved 1048576K
}
Event: 102.462 GC heap after
{Heap after GC invocations=1208 (full 3):
 PSYoungGen      total 13312K, used 128K [0x00000000d5580000, 0x00000000d6680000, 0x0000000100000000)
  eden space 10752K, 0% used [0x00000000d5580000,0x00000000d5580000,0x00000000d6000000)
  from space 2560K, 5% used [0x00000000d6180000,0x00000000d61a0000,0x00000000d6400000)
  to   space 512K, 0% used [0x00000000d6600000,0x00000000d6600000,0x00000000d6680000)
 ParOldGen       total 834048K, used 833909K [0x0000000080000000, 0x00000000b2e80000, 0x00000000d5580000)
  object space 834048K, 99% used [0x0000000080000000,0x00000000b2e5d420,0x00000000b2e80000)
 Metaspace       used 80232K, committed 81856K, reserved 1179648K
  class space    used 8318K, committed 9024K, reserved 1048576K
}
Event: 102.576 GC heap before
{Heap before GC invocations=1209 (full 3):
 PSYoungGen      total 13312K, used 10869K [0x00000000d5580000, 0x00000000d6680000, 0x0000000100000000)
  eden space 10752K, 99% used [0x00000000d5580000,0x00000000d5ffd738,0x00000000d6000000)
  from space 2560K, 5% used [0x00000000d6180000,0x00000000d61a0000,0x00000000d6400000)
  to   space 512K, 0% used [0x00000000d6600000,0x00000000d6600000,0x00000000d6680000)
 ParOldGen       total 834048K, used 833909K [0x0000000080000000, 0x00000000b2e80000, 0x00000000d5580000)
  object space 834048K, 99% used [0x0000000080000000,0x00000000b2e5d420,0x00000000b2e80000)
 Metaspace       used 81691K, committed 83328K, reserved 1179648K
  class space    used 8476K, committed 9216K, reserved 1048576K
}
Event: 102.577 GC heap after
{Heap after GC invocations=1209 (full 3):
 PSYoungGen      total 11264K, used 413K [0x00000000d5580000, 0x00000000d6680000, 0x0000000100000000)
  eden space 10752K, 0% used [0x00000000d5580000,0x00000000d5580000,0x00000000d6000000)
  from space 512K, 80% used [0x00000000d6600000,0x00000000d6667678,0x00000000d6680000)
  to   space 512K, 0% used [0x00000000d6580000,0x00000000d6580000,0x00000000d6600000)
 ParOldGen       total 834048K, used 833957K [0x0000000080000000, 0x00000000b2e80000, 0x00000000d5580000)
  object space 834048K, 99% used [0x0000000080000000,0x00000000b2e69420,0x00000000b2e80000)
 Metaspace       used 81691K, committed 83328K, reserved 1179648K
  class space    used 8476K, committed 9216K, reserved 1048576K
}
Event: 102.695 GC heap before
{Heap before GC invocations=1210 (full 3):
 PSYoungGen      total 11264K, used 11165K [0x00000000d5580000, 0x00000000d6680000, 0x0000000100000000)
  eden space 10752K, 100% used [0x00000000d5580000,0x00000000d6000000,0x00000000d6000000)
  from space 512K, 80% used [0x00000000d6600000,0x00000000d6667678,0x00000000d6680000)
  to   space 512K, 0% used [0x00000000d6580000,0x00000000d6580000,0x00000000d6600000)
 ParOldGen       total 834048K, used 833957K [0x0000000080000000, 0x00000000b2e80000, 0x00000000d5580000)
  object space 834048K, 99% used [0x0000000080000000,0x00000000b2e69420,0x00000000b2e80000)
 Metaspace       used 82752K, committed 84352K, reserved 1179648K
  class space    used 8671K, committed 9344K, reserved 1048576K
}
Event: 102.697 GC heap after
{Heap after GC invocations=1210 (full 3):
 PSYoungGen      total 11264K, used 336K [0x00000000d5580000, 0x00000000d6680000, 0x0000000100000000)
  eden space 10752K, 0% used [0x00000000d5580000,0x00000000d5580000,0x00000000d6000000)
  from space 512K, 65% used [0x00000000d6580000,0x00000000d65d4010,0x00000000d6600000)
  to   space 512K, 0% used [0x00000000d6600000,0x00000000d6600000,0x00000000d6680000)
 ParOldGen       total 834560K, used 834272K [0x0000000080000000, 0x00000000b2f00000, 0x00000000d5580000)
  object space 834560K, 99% used [0x0000000080000000,0x00000000b2eb80b0,0x00000000b2f00000)
 Metaspace       used 82752K, committed 84352K, reserved 1179648K
  class space    used 8671K, committed 9344K, reserved 1048576K
}
Event: 141.712 GC heap before
{Heap before GC invocations=1211 (full 3):
 PSYoungGen      total 11264K, used 11088K [0x00000000d5580000, 0x00000000d6680000, 0x0000000100000000)
  eden space 10752K, 100% used [0x00000000d5580000,0x00000000d6000000,0x00000000d6000000)
  from space 512K, 65% used [0x00000000d6580000,0x00000000d65d4010,0x00000000d6600000)
  to   space 512K, 0% used [0x00000000d6600000,0x00000000d6600000,0x00000000d6680000)
 ParOldGen       total 834560K, used 834272K [0x0000000080000000, 0x00000000b2f00000, 0x00000000d5580000)
  object space 834560K, 99% used [0x0000000080000000,0x00000000b2eb80b0,0x00000000b2f00000)
 Metaspace       used 83234K, committed 84864K, reserved 1179648K
  class space    used 8730K, committed 9472K, reserved 1048576K
}
Event: 141.720 GC heap after
{Heap after GC invocations=1211 (full 3):
 PSYoungGen      total 11264K, used 452K [0x00000000d5580000, 0x00000000d6680000, 0x0000000100000000)
  eden space 10752K, 0% used [0x00000000d5580000,0x00000000d5580000,0x00000000d6000000)
  from space 512K, 88% used [0x00000000d6600000,0x00000000d6671210,0x00000000d6680000)
  to   space 512K, 0% used [0x00000000d6580000,0x00000000d6580000,0x00000000d6600000)
 ParOldGen       total 834560K, used 834456K [0x0000000080000000, 0x00000000b2f00000, 0x00000000d5580000)
  object space 834560K, 99% used [0x0000000080000000,0x00000000b2ee60e0,0x00000000b2f00000)
 Metaspace       used 83234K, committed 84864K, reserved 1179648K
  class space    used 8730K, committed 9472K, reserved 1048576K
}

